d_01: @00:00:00.000000  *** Booting nRF Connect SDK v2.9.0-7787b2649840 ***
d_01: @00:00:00.000000  *** Using Zephyr OS v3.7.99-1f8f3dc29142 ***
d_01: @00:00:00.000000  [00:00:00.000,000] [0m<inf> bt_hci_core: HW Platform: Nordic Semiconductor (0x0002)[0m
d_01: @00:00:00.000000  [00:00:00.000,000] [0m<inf> bt_hci_core: HW Variant: nRF52x (0x0002)[0m
d_01: @00:00:00.000000  [00:00:00.000,000] [0m<inf> bt_hci_core: Firmware: Standard Bluetooth controller (0x00) Version 3.7 Build 99[0m
d_01: @00:00:00.000000  [00:00:00.000,000] [1;33m<wrn> bt_id: No static addresses stored in controller[0m
d_01: @00:00:00.002648  [00:00:00.002,624] [0m<inf> bt_hci_core: Identity: EB:E9:0E:54:A6:09 (random)[0m
d_01: @00:00:00.002648  [00:00:00.002,624] [0m<inf> bt_hci_core: HCI: version 5.4 (0x0d) revision 0x0000, manufacturer 0x0059[0m
d_01: @00:00:00.002648  [00:00:00.002,624] [0m<inf> bt_hci_core: LMP: version 5.4 (0x0d) subver 0xffff[0m
d_01: @00:00:00.002648  Bluetooth initialized
d_01: @00:00:00.003368  Scanning successfully started
d_01: @00:00:00.326652  [DEVICE]: FD:9E:B2:48:47:39 (random), AD evt type 0, AD data len 9, RSSI -59
d_01: @00:00:00.326652  [AD]: 1 data_len 1
d_01: @00:00:00.326652  [AD]: 3 data_len 4
d_01: @00:00:00.326653  Creating connection with Coded PHY support
d_01: @00:00:00.435252  Connected: FD:9E:B2:48:47:39 (random)
d_01: @00:00:00.487573  [ATTRIBUTE] handle 23
d_01: @00:00:00.586976  [ATTRIBUTE] handle 24
d_01: @00:00:00.787001  [ATTRIBUTE] handle 26
d_01: @00:00:00.787001  [SUBSCRIBED]
d_01: @00:00:01.036752  [NOTIFICATION] data 0x8231acc length 2
d_01: @00:00:02.036752  [NOTIFICATION] data 0x8231acc length 2
d_01: @00:00:03.036752  [NOTIFICATION] data 0x8231acc length 2
d_01: @00:00:04.036752  [NOTIFICATION] data 0x8231acc length 2
d_01: @00:00:05.036752  [NOTIFICATION] data 0x8231acc length 2
d_01: @00:00:06.036776  [NOTIFICATION] data 0x8231acc length 2
d_01: @00:00:07.036776  [NOTIFICATION] data 0x8231acc length 2
d_01: @00:00:08.036776  [NOTIFICATION] data 0x8231acc length 2
d_01: @00:00:09.036776  [NOTIFICATION] data 0x8231acc length 2
d_01: @00:00:10.000000 INFO: 9 packets received, expected >= 5
d_01: @00:00:10.000000 INFO: PASSED
